This file contains any messages produced by compilers while
running configure, to aid debugging if configure makes a mistake.

It was created by configure, which was
generated by GNU Autoconf 2.61.  Invocation command line was

  $ ./configure --with-apr=../apr-1.2.12 --with-iconv=/usr/local

## --------- ##
## Platform. ##
## --------- ##

hostname = My-Notebook
uname -m = x86_64
uname -r = 5.0.0-36-generic
uname -s = Linux
uname -v = #39~18.04.1-Ubuntu SMP Tue Nov 12 11:09:50 UTC 2019

/usr/bin/uname -p = unknown
/bin/uname -X     = unknown

/bin/arch              = unknown
/usr/bin/arch -k       = unknown
/usr/convex/getsysinfo = unknown
/usr/bin/hostinfo      = unknown
/bin/machine           = unknown
/usr/bin/oslevel       = unknown
/bin/universe          = unknown

PATH: /usr/local/sbin
PATH: /usr/local/bin
PATH: /usr/sbin
PATH: /usr/bin
PATH: /sbin
PATH: /bin
PATH: /usr/games
PATH: /usr/local/games
PATH: /snap/bin


## ----------- ##
## Core tests. ##
## ----------- ##

configure:2078: checking build system type
configure:2096: result: x86_64-unknown-linux-gnu
configure:2118: checking host system type
configure:2133: result: x86_64-unknown-linux-gnu
configure:2155: checking target system type
configure:2170: result: x86_64-unknown-linux-gnu
configure:2212: checking for a BSD-compatible install
configure:2268: result: /usr/bin/install -c
configure:2296: checking for working mkdir -p
configure:2312: result: yes
configure:2403: checking for chosen layout
configure:2405: result: apr-util
configure:2579: checking for gcc
configure:2595: found /usr/bin/gcc
configure:2606: result: gcc
configure:2844: checking for C compiler version
configure:2851: gcc --version >&5
gcc (Ubuntu 7.4.0-1ubuntu1~18.04.1) 7.4.0
Copyright (C) 2017 Free Software Foundation, Inc.
This is free software; see the source for copying conditions.  There is NO
warranty; not even for MERCHANTABILITY or FITNESS FOR A PARTICULAR PURPOSE.

configure:2854: $? = 0
configure:2861: gcc -v >&5
Using built-in specs.
COLLECT_GCC=gcc
COLLECT_LTO_WRAPPER=/usr/lib/gcc/x86_64-linux-gnu/7/lto-wrapper
OFFLOAD_TARGET_NAMES=nvptx-none
OFFLOAD_TARGET_DEFAULT=1
Target: x86_64-linux-gnu
Configured with: ../src/configure -v --with-pkgversion='Ubuntu 7.4.0-1ubuntu1~18.04.1' --with-bugurl=file:///usr/share/doc/gcc-7/README.Bugs --enable-languages=c,ada,c++,go,brig,d,fortran,objc,obj-c++ --prefix=/usr --with-gcc-major-version-only --program-suffix=-7 --program-prefix=x86_64-linux-gnu- --enable-shared --enable-linker-build-id --libexecdir=/usr/lib --without-included-gettext --enable-threads=posix --libdir=/usr/lib --enable-nls --with-sysroot=/ --enable-clocale=gnu --enable-libstdcxx-debug --enable-libstdcxx-time=yes --with-default-libstdcxx-abi=new --enable-gnu-unique-object --disable-vtable-verify --enable-libmpx --enable-plugin --enable-default-pie --with-system-zlib --with-target-system-zlib --enable-objc-gc=auto --enable-multiarch --disable-werror --with-arch-32=i686 --with-abi=m64 --with-multilib-list=m32,m64,mx32 --enable-multilib --with-tune=generic --enable-offload-targets=nvptx-none --without-cuda-driver --enable-checking=release --build=x86_64-linux-gnu --host=x86_64-linux-gnu --target=x86_64-linux-gnu
Thread model: posix
gcc version 7.4.0 (Ubuntu 7.4.0-1ubuntu1~18.04.1) 
configure:2864: $? = 0
configure:2871: gcc -V >&5
gcc: error: unrecognized command line option '-V'
gcc: fatal error: no input files
compilation terminated.
configure:2874: $? = 1
configure:2897: checking for C compiler default output file name
configure:2924: gcc    conftest.c  >&5
configure:2927: $? = 0
configure:2965: result: a.out
configure:2982: checking whether the C compiler works
configure:2992: ./a.out
configure:2995: $? = 0
configure:3012: result: yes
configure:3019: checking whether we are cross compiling
configure:3021: result: no
configure:3024: checking for suffix of executables
configure:3031: gcc -o conftest    conftest.c  >&5
configure:3034: $? = 0
configure:3058: result: 
configure:3064: checking for suffix of object files
configure:3090: gcc -c   conftest.c >&5
configure:3093: $? = 0
configure:3116: result: o
configure:3120: checking whether we are using the GNU C compiler
configure:3149: gcc -c   conftest.c >&5
configure:3155: $? = 0
configure:3172: result: yes
configure:3177: checking whether gcc accepts -g
configure:3207: gcc -c -g  conftest.c >&5
configure:3213: $? = 0
configure:3312: result: yes
configure:3329: checking for gcc option to accept ISO C89
configure:3403: gcc  -c -g -O2  conftest.c >&5
configure:3409: $? = 0
configure:3432: result: none needed
configure:3634: checking for APR
configure:3716: result: yes
configure:3950: checking how to run the C preprocessor
configure:4066: result: gcc -E
configure:4095: gcc -E   -D_REENTRANT -D_GNU_SOURCE conftest.c
configure:4101: $? = 0
configure:4132: gcc -E   -D_REENTRANT -D_GNU_SOURCE conftest.c
conftest.c:8:10: fatal error: ac_nonexistent.h: No such file or directory
 #include <ac_nonexistent.h>
          ^~~~~~~~~~~~~~~~~~
compilation terminated.
configure:4138: $? = 1
configure: failed program was:
| /* confdefs.h.  */
| #define PACKAGE_NAME ""
| #define PACKAGE_TARNAME ""
| #define PACKAGE_VERSION ""
| #define PACKAGE_STRING ""
| #define PACKAGE_BUGREPORT ""
| /* end confdefs.h.  */
| #include <ac_nonexistent.h>
configure:4176: checking for grep that handles long lines and -e
configure:4250: result: /bin/grep
configure:4255: checking for egrep
configure:4333: result: /bin/grep -E
configure:4338: checking for ANSI C header files
configure:4368: gcc -c -g -O2 -pthread   -D_REENTRANT -D_GNU_SOURCE conftest.c >&5
configure:4374: $? = 0
configure:4473: gcc -o conftest -g -O2 -pthread   -D_REENTRANT -D_GNU_SOURCE  conftest.c  >&5
configure:4476: $? = 0
configure:4482: ./conftest
configure:4485: $? = 0
configure:4502: result: yes
configure:4526: checking for sys/types.h
configure:4547: gcc -c -g -O2 -pthread   -D_REENTRANT -D_GNU_SOURCE conftest.c >&5
configure:4553: $? = 0
configure:4569: result: yes
configure:4526: checking for sys/stat.h
configure:4547: gcc -c -g -O2 -pthread   -D_REENTRANT -D_GNU_SOURCE conftest.c >&5
configure:4553: $? = 0
configure:4569: result: yes
configure:4526: checking for stdlib.h
configure:4547: gcc -c -g -O2 -pthread   -D_REENTRANT -D_GNU_SOURCE conftest.c >&5
configure:4553: $? = 0
configure:4569: result: yes
configure:4526: checking for string.h
configure:4547: gcc -c -g -O2 -pthread   -D_REENTRANT -D_GNU_SOURCE conftest.c >&5
configure:4553: $? = 0
configure:4569: result: yes
configure:4526: checking for memory.h
configure:4547: gcc -c -g -O2 -pthread   -D_REENTRANT -D_GNU_SOURCE conftest.c >&5
configure:4553: $? = 0
configure:4569: result: yes
configure:4526: checking for strings.h
configure:4547: gcc -c -g -O2 -pthread   -D_REENTRANT -D_GNU_SOURCE conftest.c >&5
configure:4553: $? = 0
configure:4569: result: yes
configure:4526: checking for inttypes.h
configure:4547: gcc -c -g -O2 -pthread   -D_REENTRANT -D_GNU_SOURCE conftest.c >&5
configure:4553: $? = 0
configure:4569: result: yes
configure:4526: checking for stdint.h
configure:4547: gcc -c -g -O2 -pthread   -D_REENTRANT -D_GNU_SOURCE conftest.c >&5
configure:4553: $? = 0
configure:4569: result: yes
configure:4526: checking for unistd.h
configure:4547: gcc -c -g -O2 -pthread   -D_REENTRANT -D_GNU_SOURCE conftest.c >&5
configure:4553: $? = 0
configure:4569: result: yes
configure:35102: checking for default DBM
configure:35104: result: sdbm (default)
configure:36292: checking libpq-fe.h usability
configure:36309: gcc -c -g -O2 -pthread   -D_REENTRANT -D_GNU_SOURCE conftest.c >&5
conftest.c:51:10: fatal error: libpq-fe.h: No such file or directory
 #include <libpq-fe.h>
          ^~~~~~~~~~~~
compilation terminated.
configure:36315: $? = 1
configure: failed program was:
| /* confdefs.h.  */
| #define PACKAGE_NAME ""
| #define PACKAGE_TARNAME ""
| #define PACKAGE_VERSION ""
| #define PACKAGE_STRING ""
| #define PACKAGE_BUGREPORT ""
| #define STDC_HEADERS 1
| #define HAVE_SYS_TYPES_H 1
| #define HAVE_SYS_STAT_H 1
| #define HAVE_STDLIB_H 1
| #define HAVE_STRING_H 1
| #define HAVE_MEMORY_H 1
| #define HAVE_STRINGS_H 1
| #define HAVE_INTTYPES_H 1
| #define HAVE_STDINT_H 1
| #define HAVE_UNISTD_H 1
| /* end confdefs.h.  */
| #include <stdio.h>
| #ifdef HAVE_SYS_TYPES_H
| # include <sys/types.h>
| #endif
| #ifdef HAVE_SYS_STAT_H
| # include <sys/stat.h>
| #endif
| #ifdef STDC_HEADERS
| # include <stdlib.h>
| # include <stddef.h>
| #else
| # ifdef HAVE_STDLIB_H
| #  include <stdlib.h>
| # endif
| #endif
| #ifdef HAVE_STRING_H
| # if !defined STDC_HEADERS && defined HAVE_MEMORY_H
| #  include <memory.h>
| # endif
| # include <string.h>
| #endif
| #ifdef HAVE_STRINGS_H
| # include <strings.h>
| #endif
| #ifdef HAVE_INTTYPES_H
| # include <inttypes.h>
| #endif
| #ifdef HAVE_STDINT_H
| # include <stdint.h>
| #endif
| #ifdef HAVE_UNISTD_H
| # include <unistd.h>
| #endif
| #include <libpq-fe.h>
configure:36329: result: no
configure:36333: checking libpq-fe.h presence
configure:36348: gcc -E   -D_REENTRANT -D_GNU_SOURCE conftest.c
conftest.c:18:10: fatal error: libpq-fe.h: No such file or directory
 #include <libpq-fe.h>
          ^~~~~~~~~~~~
compilation terminated.
configure:36354: $? = 1
configure: failed program was:
| /* confdefs.h.  */
| #define PACKAGE_NAME ""
| #define PACKAGE_TARNAME ""
| #define PACKAGE_VERSION ""
| #define PACKAGE_STRING ""
| #define PACKAGE_BUGREPORT ""
| #define STDC_HEADERS 1
| #define HAVE_SYS_TYPES_H 1
| #define HAVE_SYS_STAT_H 1
| #define HAVE_STDLIB_H 1
| #define HAVE_STRING_H 1
| #define HAVE_MEMORY_H 1
| #define HAVE_STRINGS_H 1
| #define HAVE_INTTYPES_H 1
| #define HAVE_STDINT_H 1
| #define HAVE_UNISTD_H 1
| /* end confdefs.h.  */
| #include <libpq-fe.h>
configure:36368: result: no
configure:36396: checking for libpq-fe.h
configure:36404: result: no
configure:38279: checking sqlite3.h usability
configure:38296: gcc -c -g -O2 -pthread   -D_REENTRANT -D_GNU_SOURCE conftest.c >&5
conftest.c:51:10: fatal error: sqlite3.h: No such file or directory
 #include <sqlite3.h>
          ^~~~~~~~~~~
compilation terminated.
configure:38302: $? = 1
configure: failed program was:
| /* confdefs.h.  */
| #define PACKAGE_NAME ""
| #define PACKAGE_TARNAME ""
| #define PACKAGE_VERSION ""
| #define PACKAGE_STRING ""
| #define PACKAGE_BUGREPORT ""
| #define STDC_HEADERS 1
| #define HAVE_SYS_TYPES_H 1
| #define HAVE_SYS_STAT_H 1
| #define HAVE_STDLIB_H 1
| #define HAVE_STRING_H 1
| #define HAVE_MEMORY_H 1
| #define HAVE_STRINGS_H 1
| #define HAVE_INTTYPES_H 1
| #define HAVE_STDINT_H 1
| #define HAVE_UNISTD_H 1
| /* end confdefs.h.  */
| #include <stdio.h>
| #ifdef HAVE_SYS_TYPES_H
| # include <sys/types.h>
| #endif
| #ifdef HAVE_SYS_STAT_H
| # include <sys/stat.h>
| #endif
| #ifdef STDC_HEADERS
| # include <stdlib.h>
| # include <stddef.h>
| #else
| # ifdef HAVE_STDLIB_H
| #  include <stdlib.h>
| # endif
| #endif
| #ifdef HAVE_STRING_H
| # if !defined STDC_HEADERS && defined HAVE_MEMORY_H
| #  include <memory.h>
| # endif
| # include <string.h>
| #endif
| #ifdef HAVE_STRINGS_H
| # include <strings.h>
| #endif
| #ifdef HAVE_INTTYPES_H
| # include <inttypes.h>
| #endif
| #ifdef HAVE_STDINT_H
| # include <stdint.h>
| #endif
| #ifdef HAVE_UNISTD_H
| # include <unistd.h>
| #endif
| #include <sqlite3.h>
configure:38316: result: no
configure:38320: checking sqlite3.h presence
configure:38335: gcc -E   -D_REENTRANT -D_GNU_SOURCE conftest.c
conftest.c:18:10: fatal error: sqlite3.h: No such file or directory
 #include <sqlite3.h>
          ^~~~~~~~~~~
compilation terminated.
configure:38341: $? = 1
configure: failed program was:
| /* confdefs.h.  */
| #define PACKAGE_NAME ""
| #define PACKAGE_TARNAME ""
| #define PACKAGE_VERSION ""
| #define PACKAGE_STRING ""
| #define PACKAGE_BUGREPORT ""
| #define STDC_HEADERS 1
| #define HAVE_SYS_TYPES_H 1
| #define HAVE_SYS_STAT_H 1
| #define HAVE_STDLIB_H 1
| #define HAVE_STRING_H 1
| #define HAVE_MEMORY_H 1
| #define HAVE_STRINGS_H 1
| #define HAVE_INTTYPES_H 1
| #define HAVE_STDINT_H 1
| #define HAVE_UNISTD_H 1
| /* end confdefs.h.  */
| #include <sqlite3.h>
configure:38355: result: no
configure:38383: checking for sqlite3.h
configure:38391: result: no
configure:39057: checking sqlite.h usability
configure:39074: gcc -c -g -O2 -pthread   -D_REENTRANT -D_GNU_SOURCE conftest.c >&5
conftest.c:51:10: fatal error: sqlite.h: No such file or directory
 #include <sqlite.h>
          ^~~~~~~~~~
compilation terminated.
configure:39080: $? = 1
configure: failed program was:
| /* confdefs.h.  */
| #define PACKAGE_NAME ""
| #define PACKAGE_TARNAME ""
| #define PACKAGE_VERSION ""
| #define PACKAGE_STRING ""
| #define PACKAGE_BUGREPORT ""
| #define STDC_HEADERS 1
| #define HAVE_SYS_TYPES_H 1
| #define HAVE_SYS_STAT_H 1
| #define HAVE_STDLIB_H 1
| #define HAVE_STRING_H 1
| #define HAVE_MEMORY_H 1
| #define HAVE_STRINGS_H 1
| #define HAVE_INTTYPES_H 1
| #define HAVE_STDINT_H 1
| #define HAVE_UNISTD_H 1
| /* end confdefs.h.  */
| #include <stdio.h>
| #ifdef HAVE_SYS_TYPES_H
| # include <sys/types.h>
| #endif
| #ifdef HAVE_SYS_STAT_H
| # include <sys/stat.h>
| #endif
| #ifdef STDC_HEADERS
| # include <stdlib.h>
| # include <stddef.h>
| #else
| # ifdef HAVE_STDLIB_H
| #  include <stdlib.h>
| # endif
| #endif
| #ifdef HAVE_STRING_H
| # if !defined STDC_HEADERS && defined HAVE_MEMORY_H
| #  include <memory.h>
| # endif
| # include <string.h>
| #endif
| #ifdef HAVE_STRINGS_H
| # include <strings.h>
| #endif
| #ifdef HAVE_INTTYPES_H
| # include <inttypes.h>
| #endif
| #ifdef HAVE_STDINT_H
| # include <stdint.h>
| #endif
| #ifdef HAVE_UNISTD_H
| # include <unistd.h>
| #endif
| #include <sqlite.h>
configure:39094: result: no
configure:39098: checking sqlite.h presence
configure:39113: gcc -E   -D_REENTRANT -D_GNU_SOURCE conftest.c
conftest.c:18:10: fatal error: sqlite.h: No such file or directory
 #include <sqlite.h>
          ^~~~~~~~~~
compilation terminated.
configure:39119: $? = 1
configure: failed program was:
| /* confdefs.h.  */
| #define PACKAGE_NAME ""
| #define PACKAGE_TARNAME ""
| #define PACKAGE_VERSION ""
| #define PACKAGE_STRING ""
| #define PACKAGE_BUGREPORT ""
| #define STDC_HEADERS 1
| #define HAVE_SYS_TYPES_H 1
| #define HAVE_SYS_STAT_H 1
| #define HAVE_STDLIB_H 1
| #define HAVE_STRING_H 1
| #define HAVE_MEMORY_H 1
| #define HAVE_STRINGS_H 1
| #define HAVE_INTTYPES_H 1
| #define HAVE_STDINT_H 1
| #define HAVE_UNISTD_H 1
| /* end confdefs.h.  */
| #include <sqlite.h>
configure:39133: result: no
configure:39161: checking for sqlite.h
configure:39169: result: no
configure:39421: checking Expat 1.95.x
configure:39451: gcc -o conftest -g -O2 -pthread   -D_REENTRANT -D_GNU_SOURCE  conftest.c  -lexpat >&5
conftest.c:19:10: fatal error: expat.h: No such file or directory
 #include <expat.h>
          ^~~~~~~~~
compilation terminated.
configure:39457: $? = 1
configure: failed program was:
| /* confdefs.h.  */
| #define PACKAGE_NAME ""
| #define PACKAGE_TARNAME ""
| #define PACKAGE_VERSION ""
| #define PACKAGE_STRING ""
| #define PACKAGE_BUGREPORT ""
| #define STDC_HEADERS 1
| #define HAVE_SYS_TYPES_H 1
| #define HAVE_SYS_STAT_H 1
| #define HAVE_STDLIB_H 1
| #define HAVE_STRING_H 1
| #define HAVE_MEMORY_H 1
| #define HAVE_STRINGS_H 1
| #define HAVE_INTTYPES_H 1
| #define HAVE_STDINT_H 1
| #define HAVE_UNISTD_H 1
| /* end confdefs.h.  */
| #include <stdlib.h>
| #include <expat.h>
| int
| main ()
| {
| XML_ParserCreate(NULL);
|   ;
|   return 0;
| }
configure:39476: result: no
configure:39496: checking old Debian-packaged expat
configure:39526: gcc -o conftest -g -O2 -pthread   -D_REENTRANT -D_GNU_SOURCE  conftest.c  -lxmlparse -lxmltok >&5
conftest.c:19:10: fatal error: xmltok/xmlparse.h: No such file or directory
 #include <xmltok/xmlparse.h>
          ^~~~~~~~~~~~~~~~~~~
compilation terminated.
configure:39532: $? = 1
configure: failed program was:
| /* confdefs.h.  */
| #define PACKAGE_NAME ""
| #define PACKAGE_TARNAME ""
| #define PACKAGE_VERSION ""
| #define PACKAGE_STRING ""
| #define PACKAGE_BUGREPORT ""
| #define STDC_HEADERS 1
| #define HAVE_SYS_TYPES_H 1
| #define HAVE_SYS_STAT_H 1
| #define HAVE_STDLIB_H 1
| #define HAVE_STRING_H 1
| #define HAVE_MEMORY_H 1
| #define HAVE_STRINGS_H 1
| #define HAVE_INTTYPES_H 1
| #define HAVE_STDINT_H 1
| #define HAVE_UNISTD_H 1
| /* end confdefs.h.  */
| #include <stdlib.h>
| #include <xmltok/xmlparse.h>
| int
| main ()
| {
| XML_ParserCreate(NULL);
|   ;
|   return 0;
| }
configure:39551: result: no
configure:39572: checking old FreeBSD-packaged expat
configure:39602: gcc -o conftest -g -O2 -pthread   -D_REENTRANT -D_GNU_SOURCE  conftest.c  -lexpat >&5
conftest.c:19:10: fatal error: xml/xmlparse.h: No such file or directory
 #include <xml/xmlparse.h>
          ^~~~~~~~~~~~~~~~
compilation terminated.
configure:39608: $? = 1
configure: failed program was:
| /* confdefs.h.  */
| #define PACKAGE_NAME ""
| #define PACKAGE_TARNAME ""
| #define PACKAGE_VERSION ""
| #define PACKAGE_STRING ""
| #define PACKAGE_BUGREPORT ""
| #define STDC_HEADERS 1
| #define HAVE_SYS_TYPES_H 1
| #define HAVE_SYS_STAT_H 1
| #define HAVE_STDLIB_H 1
| #define HAVE_STRING_H 1
| #define HAVE_MEMORY_H 1
| #define HAVE_STRINGS_H 1
| #define HAVE_INTTYPES_H 1
| #define HAVE_STDINT_H 1
| #define HAVE_UNISTD_H 1
| /* end confdefs.h.  */
| #include <stdlib.h>
| #include <xml/xmlparse.h>
| int
| main ()
| {
| XML_ParserCreate(NULL);
|   ;
|   return 0;
| }
configure:39627: result: no
configure:39648: checking Expat 1.0/1.1
configure:39678: gcc -o conftest -g -O2 -pthread   -D_REENTRANT -D_GNU_SOURCE  conftest.c  -lexpat >&5
conftest.c:19:10: fatal error: xmlparse/xmlparse.h: No such file or directory
 #include <xmlparse/xmlparse.h>
          ^~~~~~~~~~~~~~~~~~~~~
compilation terminated.
configure:39684: $? = 1
configure: failed program was:
| /* confdefs.h.  */
| #define PACKAGE_NAME ""
| #define PACKAGE_TARNAME ""
| #define PACKAGE_VERSION ""
| #define PACKAGE_STRING ""
| #define PACKAGE_BUGREPORT ""
| #define STDC_HEADERS 1
| #define HAVE_SYS_TYPES_H 1
| #define HAVE_SYS_STAT_H 1
| #define HAVE_STDLIB_H 1
| #define HAVE_STRING_H 1
| #define HAVE_MEMORY_H 1
| #define HAVE_STRINGS_H 1
| #define HAVE_INTTYPES_H 1
| #define HAVE_STDINT_H 1
| #define HAVE_UNISTD_H 1
| /* end confdefs.h.  */
| #include <stdlib.h>
| #include <xmlparse/xmlparse.h>
| int
| main ()
| {
| XML_ParserCreate(NULL);
|   ;
|   return 0;
| }
configure:39703: result: no
configure:39767: checking Expat 1.95.x in /usr/local
configure:39797: gcc -o conftest -g -O2 -pthread   -D_REENTRANT -D_GNU_SOURCE -I/usr/local/include -L/usr/local/lib conftest.c  -lexpat >&5
conftest.c:19:10: fatal error: expat.h: No such file or directory
 #include <expat.h>
          ^~~~~~~~~
compilation terminated.
configure:39803: $? = 1
configure: failed program was:
| /* confdefs.h.  */
| #define PACKAGE_NAME ""
| #define PACKAGE_TARNAME ""
| #define PACKAGE_VERSION ""
| #define PACKAGE_STRING ""
| #define PACKAGE_BUGREPORT ""
| #define STDC_HEADERS 1
| #define HAVE_SYS_TYPES_H 1
| #define HAVE_SYS_STAT_H 1
| #define HAVE_STDLIB_H 1
| #define HAVE_STRING_H 1
| #define HAVE_MEMORY_H 1
| #define HAVE_STRINGS_H 1
| #define HAVE_INTTYPES_H 1
| #define HAVE_STDINT_H 1
| #define HAVE_UNISTD_H 1
| /* end confdefs.h.  */
| #include <stdlib.h>
| #include <expat.h>
| int
| main ()
| {
| XML_ParserCreate(NULL);
|   ;
|   return 0;
| }
configure:39822: result: no
configure:40274: checking iconv.h usability
configure:40291: gcc -c -g -O2 -pthread   -D_REENTRANT -D_GNU_SOURCE conftest.c >&5
configure:40297: $? = 0
configure:40311: result: yes
configure:40315: checking iconv.h presence
configure:40330: gcc -E   -D_REENTRANT -D_GNU_SOURCE conftest.c
configure:40336: $? = 0
configure:40350: result: yes
configure:40378: checking for iconv.h
configure:40385: result: yes
configure:40419: gcc -o conftest -g -O2 -pthread   -D_REENTRANT -D_GNU_SOURCE  conftest.c  >&5
configure:40425: $? = 0
configure:40684: checking for type of inbuf parameter to iconv
configure:40711: gcc -c -g -O2 -pthread  -Werror   -D_REENTRANT -D_GNU_SOURCE conftest.c >&5
configure:40717: $? = 0
configure:40744: result: char **
configure:40756: checking for iconv.h
configure:40762: result: yes
configure:40766: checking langinfo.h usability
configure:40783: gcc -c -g -O2 -pthread   -D_REENTRANT -D_GNU_SOURCE conftest.c >&5
configure:40789: $? = 0
configure:40803: result: yes
configure:40807: checking langinfo.h presence
configure:40822: gcc -E   -D_REENTRANT -D_GNU_SOURCE conftest.c
configure:40828: $? = 0
configure:40842: result: yes
configure:40870: checking for langinfo.h
configure:40878: result: yes
configure:40907: checking for nl_langinfo
configure:40963: gcc -o conftest -g -O2 -pthread   -D_REENTRANT -D_GNU_SOURCE  conftest.c  >&5
configure:40969: $? = 0
configure:40987: result: yes
configure:41008: checking for CODESET in langinfo.h
configure:41037: result: yes
configure:41052: checking for library containing crypt
configure:41093: gcc -o conftest -g -O2 -pthread   -D_REENTRANT -D_GNU_SOURCE  conftest.c  >&5
/tmp/ccuefe1m.o: In function `main':
/home/iryna/Documents/WS19_20/ImplimentierungDatenBanken/HubDB_v1/HubDB_v1/tools/apr-util-1.2.12/conftest.c:33: undefined reference to `crypt'
collect2: error: ld returned 1 exit status
configure:41099: $? = 1
configure: failed program was:
| /* confdefs.h.  */
| #define PACKAGE_NAME ""
| #define PACKAGE_TARNAME ""
| #define PACKAGE_VERSION ""
| #define PACKAGE_STRING ""
| #define PACKAGE_BUGREPORT ""
| #define STDC_HEADERS 1
| #define HAVE_SYS_TYPES_H 1
| #define HAVE_SYS_STAT_H 1
| #define HAVE_STDLIB_H 1
| #define HAVE_STRING_H 1
| #define HAVE_MEMORY_H 1
| #define HAVE_STRINGS_H 1
| #define HAVE_INTTYPES_H 1
| #define HAVE_STDINT_H 1
| #define HAVE_UNISTD_H 1
| #define HAVE_ICONV_H 1
| #define HAVE_LANGINFO_H 1
| #define HAVE_NL_LANGINFO 1
| #define HAVE_CODESET 1
| /* end confdefs.h.  */
| 
| /* Override any GCC internal prototype to avoid an error.
|    Use char because int might match the return type of a GCC
|    builtin and then its argument prototype would still apply.  */
| #ifdef __cplusplus
| extern "C"
| #endif
| char crypt ();
| int
| main ()
| {
| return crypt ();
|   ;
|   return 0;
| }
configure:41093: gcc -o conftest -g -O2 -pthread   -D_REENTRANT -D_GNU_SOURCE  conftest.c -lcrypt   >&5
configure:41099: $? = 0
configure:41127: result: -lcrypt
configure:41135: checking if system crypt() function is threadsafe
configure:41147: result: no
configure:41154: checking for crypt_r
configure:41210: gcc -o conftest -g -O2 -pthread   -D_REENTRANT -D_GNU_SOURCE  conftest.c -lcrypt  >&5
configure:41216: $? = 0
configure:41234: result: yes
configure:41249: checking style of crypt_r
configure:41276: gcc -c -g -O2 -pthread   -D_REENTRANT -D_GNU_SOURCE conftest.c >&5
conftest.c: In function 'main':
conftest.c:27:1: error: unknown type name 'CRYPTD'; did you mean '_CRYPT_H'?
 CRYPTD buffer;
 ^~~~~~
 _CRYPT_H
conftest.c:28:29: warning: passing argument 3 of 'crypt_r' from incompatible pointer type [-Wincompatible-pointer-types]
   crypt_r("passwd", "hash", &buffer);
                             ^
In file included from conftest.c:23:0:
/usr/include/crypt.h:60:14: note: expected 'struct crypt_data * restrict' but argument is of type 'int *'
 extern char *crypt_r (const char *__key, const char *__salt,
              ^~~~~~~
configure:41282: $? = 1
configure: failed program was:
| /* confdefs.h.  */
| #define PACKAGE_NAME ""
| #define PACKAGE_TARNAME ""
| #define PACKAGE_VERSION ""
| #define PACKAGE_STRING ""
| #define PACKAGE_BUGREPORT ""
| #define STDC_HEADERS 1
| #define HAVE_SYS_TYPES_H 1
| #define HAVE_SYS_STAT_H 1
| #define HAVE_STDLIB_H 1
| #define HAVE_STRING_H 1
| #define HAVE_MEMORY_H 1
| #define HAVE_STRINGS_H 1
| #define HAVE_INTTYPES_H 1
| #define HAVE_STDINT_H 1
| #define HAVE_UNISTD_H 1
| #define HAVE_ICONV_H 1
| #define HAVE_LANGINFO_H 1
| #define HAVE_NL_LANGINFO 1
| #define HAVE_CODESET 1
| #define HAVE_CRYPT_R 1
| /* end confdefs.h.  */
| #include <crypt.h>
| int
| main ()
| {
| CRYPTD buffer;
|   crypt_r("passwd", "hash", &buffer);
|   ;
|   return 0;
| }
configure:41314: gcc -c -g -O2 -pthread   -D_REENTRANT -D_GNU_SOURCE conftest.c >&5
configure:41320: $? = 0
configure:41338: result: struct_crypt_data
configure:41533: creating ./config.status

## ---------------------- ##
## Running config.status. ##
## ---------------------- ##

This file was extended by config.status, which was
generated by GNU Autoconf 2.61.  Invocation command line was

  CONFIG_FILES    = 
  CONFIG_HEADERS  = 
  CONFIG_LINKS    = 
  CONFIG_COMMANDS = 
  $ ./config.status 

on My-Notebook

config.status:690: creating Makefile
config.status:690: creating export_vars.sh
config.status:690: creating build/pkg/pkginfo
config.status:690: creating apr-util.pc
config.status:690: creating apu-1-config
config.status:690: creating include/private/apu_select_dbm.h
config.status:690: creating include/apr_ldap.h
config.status:690: creating include/apu.h
config.status:690: creating include/apu_want.h
config.status:690: creating test/Makefile
config.status:690: creating include/private/apu_config.h
config.status:927: executing default commands

## ---------------- ##
## Cache variables. ##
## ---------------- ##

ac_cv_build=x86_64-unknown-linux-gnu
ac_cv_c_compiler_gnu=yes
ac_cv_define_CODESET=yes
ac_cv_env_CC_set=
ac_cv_env_CC_value=
ac_cv_env_CFLAGS_set=
ac_cv_env_CFLAGS_value=
ac_cv_env_CPPFLAGS_set=
ac_cv_env_CPPFLAGS_value=
ac_cv_env_CPP_set=
ac_cv_env_CPP_value=
ac_cv_env_LDFLAGS_set=
ac_cv_env_LDFLAGS_value=
ac_cv_env_LIBS_set=
ac_cv_env_LIBS_value=
ac_cv_env_build_alias_set=
ac_cv_env_build_alias_value=
ac_cv_env_host_alias_set=
ac_cv_env_host_alias_value=
ac_cv_env_target_alias_set=
ac_cv_env_target_alias_value=
ac_cv_func_crypt_r=yes
ac_cv_func_nl_langinfo=yes
ac_cv_header_iconv_h=yes
ac_cv_header_inttypes_h=yes
ac_cv_header_langinfo_h=yes
ac_cv_header_libpq_fe_h=no
ac_cv_header_memory_h=yes
ac_cv_header_sqlite3_h=no
ac_cv_header_sqlite_h=no
ac_cv_header_stdc=yes
ac_cv_header_stdint_h=yes
ac_cv_header_stdlib_h=yes
ac_cv_header_string_h=yes
ac_cv_header_strings_h=yes
ac_cv_header_sys_stat_h=yes
ac_cv_header_sys_types_h=yes
ac_cv_header_unistd_h=yes
ac_cv_host=x86_64-unknown-linux-gnu
ac_cv_mkdir_p=yes
ac_cv_objext=o
ac_cv_path_EGREP='/bin/grep -E'
ac_cv_path_GREP=/bin/grep
ac_cv_path_install='/usr/bin/install -c'
ac_cv_prog_CPP='gcc -E'
ac_cv_prog_ac_ct_CC=gcc
ac_cv_prog_cc_c89=
ac_cv_prog_cc_g=yes
ac_cv_search_crypt=-lcrypt
ac_cv_target=x86_64-unknown-linux-gnu
apr_cv_crypt_r_style=struct_crypt_data
apu_cv_expat_1011=no
apu_cv_expat_debian=no
apu_cv_expat_freebsd=no
apu_cv_expat_system=no
apu_cv_expat_usrlocal=no

## ----------------- ##
## Output variables. ##
## ----------------- ##

APRUTIL_DOTTED_VERSION='1.2.12'
APRUTIL_EXPORT_LIBS='/home/iryna/Documents/WS19_20/ImplimentierungDatenBanken/HubDB_v1/HubDB_v1/tools/apr-util-1.2.12/xml/expat/lib/libexpat.la'
APRUTIL_INCLUDES='-I/home/iryna/Documents/WS19_20/ImplimentierungDatenBanken/HubDB_v1/HubDB_v1/tools/apr-util-1.2.12/xml/expat/lib -I/usr/local/include'
APRUTIL_LDFLAGS='-L/usr/local/lib'
APRUTIL_LIBNAME='aprutil-${APRUTIL_MAJOR_VERSION}'
APRUTIL_LIBS='/home/iryna/Documents/WS19_20/ImplimentierungDatenBanken/HubDB_v1/HubDB_v1/tools/apr-util-1.2.12/xml/expat/lib/libexpat.la /home/iryna/Documents/WS19_20/ImplimentierungDatenBanken/HubDB_v1/HubDB_v1/tools/apr-1.2.12/libapr-1.la -lrt -lcrypt -lpthread -ldl'
APRUTIL_MAJOR_VERSION='1'
APRUTIL_PRIV_INCLUDES='-I/home/iryna/Documents/WS19_20/ImplimentierungDatenBanken/HubDB_v1/HubDB_v1/tools/apr-util-1.2.12/include -I/home/iryna/Documents/WS19_20/ImplimentierungDatenBanken/HubDB_v1/HubDB_v1/tools/apr-util-1.2.12/include/private'
APR_BUILD_DIR='/home/iryna/Documents/WS19_20/ImplimentierungDatenBanken/HubDB_v1/HubDB_v1/tools/apr-1.2.12/build'
APR_ICONV_DIR=''
APR_INCLUDES=' -I/home/iryna/Documents/WS19_20/ImplimentierungDatenBanken/HubDB_v1/HubDB_v1/tools/apr-1.2.12/include '
APR_LIBS=' /home/iryna/Documents/WS19_20/ImplimentierungDatenBanken/HubDB_v1/HubDB_v1/tools/apr-1.2.12/libapr-1.la -lrt -lcrypt  -lpthread -ldl'
APR_XML_DIR='xml/expat'
APU_CONFIG_LOCATION='source'
CC='gcc'
CFLAGS='-g -O2 -pthread'
CPP='gcc -E'
CPPFLAGS='  -D_REENTRANT -D_GNU_SOURCE'
DEFS='-DHAVE_CONFIG_H'
ECHO_C=''
ECHO_N='-n'
ECHO_T=''
EGREP='/bin/grep -E'
EXEEXT=''
GREP='/bin/grep'
INCLUDE_OUTPUTS='include /home/iryna/Documents/WS19_20/ImplimentierungDatenBanken/HubDB_v1/HubDB_v1/tools/apr-util-1.2.12/build-outputs.mk'
INCLUDE_RULES='include /home/iryna/Documents/WS19_20/ImplimentierungDatenBanken/HubDB_v1/HubDB_v1/tools/apr-util-1.2.12/build/rules.mk'
INSTALL_DATA='${INSTALL} -m 644'
INSTALL_PROGRAM='${INSTALL}'
INSTALL_SCRIPT='${INSTALL}'
LDFLAGS=''
LIBOBJS=''
LIBS='-lcrypt '
LTLIBOBJS=''
LT_NO_INSTALL='-no-install'
MYSQL_CONFIG=''
OBJEXT='o'
PACKAGE_BUGREPORT=''
PACKAGE_NAME=''
PACKAGE_STRING=''
PACKAGE_TARNAME=''
PACKAGE_VERSION=''
PATH_SEPARATOR=':'
SHELL='/bin/bash'
abs_builddir='/home/iryna/Documents/WS19_20/ImplimentierungDatenBanken/HubDB_v1/HubDB_v1/tools/apr-util-1.2.12'
abs_srcdir='/home/iryna/Documents/WS19_20/ImplimentierungDatenBanken/HubDB_v1/HubDB_v1/tools/apr-util-1.2.12'
ac_ct_CC='gcc'
apu_db_header='db.h'
apu_db_version='0'
apu_has_ldap='0'
apu_has_ldap_microsoft='0'
apu_has_ldap_mozilla='0'
apu_has_ldap_netscape='0'
apu_has_ldap_novell='0'
apu_has_ldap_openldap='0'
apu_has_ldap_other='0'
apu_has_ldap_solaris='0'
apu_has_ldap_sslinit='0'
apu_has_ldap_start_tls_s='0'
apu_has_ldap_zos='0'
apu_has_ldapssl_add_trusted_cert='0'
apu_has_ldapssl_client_deinit='0'
apu_has_ldapssl_client_init='0'
apu_has_ldapssl_init='0'
apu_has_ldapssl_install_routines='0'
apu_have_db='0'
apu_have_gdbm='0'
apu_have_mysql='0'
apu_have_ndbm='0'
apu_have_pgsql='0'
apu_have_sdbm='1'
apu_have_sqlite2='0'
apu_have_sqlite3='0'
apu_use_db='0'
apu_use_gdbm='0'
apu_use_ndbm='0'
apu_use_sdbm='1'
bindir='${exec_prefix}/bin'
build='x86_64-unknown-linux-gnu'
build_alias=''
build_cpu='x86_64'
build_os='linux-gnu'
build_vendor='unknown'
datadir='${prefix}'
datarootdir='${prefix}/share'
docdir='${datarootdir}/doc/${PACKAGE}'
dvidir='${docdir}'
exec_prefix='${prefix}'
have_apr_iconv='0'
have_iconv='1'
host='x86_64-unknown-linux-gnu'
host_alias=''
host_cpu='x86_64'
host_os='linux-gnu'
host_vendor='unknown'
htmldir='${docdir}'
includedir='${prefix}/include/apr-${APRUTIL_MAJOR_VERSION}'
infodir='${datarootdir}/info'
lber_h=''
ldap_h=''
ldap_ssl_h=''
lib_target='-rpath $(libdir) $(OBJECTS)'
libdir='${exec_prefix}/lib'
libexecdir='${exec_prefix}/modules'
localedir='${datarootdir}/locale'
localstatedir='${prefix}'
mandir='${prefix}/man'
oldincludedir='/usr/include'
pdfdir='${docdir}'
prefix='/usr/local/apr'
program_transform_name='s,x,x,'
psdir='${docdir}'
sbindir='${exec_prefix}/bin'
sharedstatedir='${prefix}/com'
so_ext='lo'
sysconfdir='${prefix}/conf'
target='x86_64-unknown-linux-gnu'
target_alias=''
target_cpu='x86_64'
target_os='linux-gnu'
target_vendor='unknown'
top_builddir='/home/iryna/Documents/WS19_20/ImplimentierungDatenBanken/HubDB_v1/HubDB_v1/tools/apr-util-1.2.12'

## ----------- ##
## confdefs.h. ##
## ----------- ##

#define PACKAGE_NAME ""
#define PACKAGE_TARNAME ""
#define PACKAGE_VERSION ""
#define PACKAGE_STRING ""
#define PACKAGE_BUGREPORT ""
#define STDC_HEADERS 1
#define HAVE_SYS_TYPES_H 1
#define HAVE_SYS_STAT_H 1
#define HAVE_STDLIB_H 1
#define HAVE_STRING_H 1
#define HAVE_MEMORY_H 1
#define HAVE_STRINGS_H 1
#define HAVE_INTTYPES_H 1
#define HAVE_STDINT_H 1
#define HAVE_UNISTD_H 1
#define HAVE_ICONV_H 1
#define HAVE_LANGINFO_H 1
#define HAVE_NL_LANGINFO 1
#define HAVE_CODESET 1
#define HAVE_CRYPT_R 1
#define CRYPT_R_STRUCT_CRYPT_DATA 1

configure: exit 0
