This file contains any messages produced by compilers while
running configure, to aid debugging if configure makes a mistake.

It was created by configure, which was
generated by GNU Autoconf 2.61.  Invocation command line was

  $ /home/iryna/Documents/WS19_20/ImplimentierungDatenBanken/HubDB_v1/HubDB_v1/tools/apr-util-1.2.12/xml/expat/configure --with-apr=../apr-1.2.12 --with-iconv=/usr/local --cache-file=/dev/null --srcdir=/home/iryna/Documents/WS19_20/ImplimentierungDatenBanken/HubDB_v1/HubDB_v1/tools/apr-util-1.2.12/xml/expat --prefix=/usr/local/apr --exec-prefix=/usr/local/apr --libdir=${prefix}/lib --includedir=/usr/local/apr/include/apr-1 --bindir=${prefix}/bin

## --------- ##
## Platform. ##
## --------- ##

hostname = My-Notebook
uname -m = x86_64
uname -r = 5.0.0-36-generic
uname -s = Linux
uname -v = #39~18.04.1-Ubuntu SMP Tue Nov 12 11:09:50 UTC 2019

/usr/bin/uname -p = unknown
/bin/uname -X     = unknown

/bin/arch              = unknown
/usr/bin/arch -k       = unknown
/usr/convex/getsysinfo = unknown
/usr/bin/hostinfo      = unknown
/bin/machine           = unknown
/usr/bin/oslevel       = unknown
/bin/universe          = unknown

PATH: /usr/local/sbin
PATH: /usr/local/bin
PATH: /usr/sbin
PATH: /usr/bin
PATH: /sbin
PATH: /bin
PATH: /usr/games
PATH: /usr/local/games
PATH: /snap/bin


## ----------- ##
## Core tests. ##
## ----------- ##

configure:1955: checking build system type
configure:1973: result: x86_64-unknown-linux-gnu
configure:1995: checking host system type
configure:2010: result: x86_64-unknown-linux-gnu
configure:2032: checking target system type
configure:2047: result: x86_64-unknown-linux-gnu
configure:2204: checking for gcc
configure:2220: found /usr/bin/gcc
configure:2231: result: gcc
configure:2469: checking for C compiler version
configure:2476: gcc --version >&5
gcc (Ubuntu 7.4.0-1ubuntu1~18.04.1) 7.4.0
Copyright (C) 2017 Free Software Foundation, Inc.
This is free software; see the source for copying conditions.  There is NO
warranty; not even for MERCHANTABILITY or FITNESS FOR A PARTICULAR PURPOSE.

configure:2479: $? = 0
configure:2486: gcc -v >&5
Using built-in specs.
COLLECT_GCC=gcc
COLLECT_LTO_WRAPPER=/usr/lib/gcc/x86_64-linux-gnu/7/lto-wrapper
OFFLOAD_TARGET_NAMES=nvptx-none
OFFLOAD_TARGET_DEFAULT=1
Target: x86_64-linux-gnu
Configured with: ../src/configure -v --with-pkgversion='Ubuntu 7.4.0-1ubuntu1~18.04.1' --with-bugurl=file:///usr/share/doc/gcc-7/README.Bugs --enable-languages=c,ada,c++,go,brig,d,fortran,objc,obj-c++ --prefix=/usr --with-gcc-major-version-only --program-suffix=-7 --program-prefix=x86_64-linux-gnu- --enable-shared --enable-linker-build-id --libexecdir=/usr/lib --without-included-gettext --enable-threads=posix --libdir=/usr/lib --enable-nls --with-sysroot=/ --enable-clocale=gnu --enable-libstdcxx-debug --enable-libstdcxx-time=yes --with-default-libstdcxx-abi=new --enable-gnu-unique-object --disable-vtable-verify --enable-libmpx --enable-plugin --enable-default-pie --with-system-zlib --with-target-system-zlib --enable-objc-gc=auto --enable-multiarch --disable-werror --with-arch-32=i686 --with-abi=m64 --with-multilib-list=m32,m64,mx32 --enable-multilib --with-tune=generic --enable-offload-targets=nvptx-none --without-cuda-driver --enable-checking=release --build=x86_64-linux-gnu --host=x86_64-linux-gnu --target=x86_64-linux-gnu
Thread model: posix
gcc version 7.4.0 (Ubuntu 7.4.0-1ubuntu1~18.04.1) 
configure:2489: $? = 0
configure:2496: gcc -V >&5
gcc: error: unrecognized command line option '-V'
gcc: fatal error: no input files
compilation terminated.
configure:2499: $? = 1
configure:2522: checking for C compiler default output file name
configure:2549: gcc    conftest.c  >&5
configure:2552: $? = 0
configure:2590: result: a.out
configure:2607: checking whether the C compiler works
configure:2617: ./a.out
configure:2620: $? = 0
configure:2637: result: yes
configure:2644: checking whether we are cross compiling
configure:2646: result: no
configure:2649: checking for suffix of executables
configure:2656: gcc -o conftest    conftest.c  >&5
configure:2659: $? = 0
configure:2683: result: 
configure:2689: checking for suffix of object files
configure:2715: gcc -c   conftest.c >&5
configure:2718: $? = 0
configure:2741: result: o
configure:2745: checking whether we are using the GNU C compiler
configure:2774: gcc -c   conftest.c >&5
configure:2780: $? = 0
configure:2797: result: yes
configure:2802: checking whether gcc accepts -g
configure:2832: gcc -c -g  conftest.c >&5
configure:2838: $? = 0
configure:2937: result: yes
configure:2954: checking for gcc option to accept ISO C89
configure:3028: gcc  -c -g -O2  conftest.c >&5
configure:3034: $? = 0
configure:3057: result: none needed
configure:3075: checking for a sed that does not truncate output
configure:3129: result: /bin/sed
configure:3132: checking for grep that handles long lines and -e
configure:3206: result: /bin/grep
configure:3211: checking for egrep
configure:3289: result: /bin/grep -E
configure:3305: checking for ld used by gcc
configure:3372: result: /usr/bin/ld
configure:3381: checking if the linker (/usr/bin/ld) is GNU ld
configure:3396: result: yes
configure:3401: checking for /usr/bin/ld option to reload object files
configure:3408: result: -r
configure:3426: checking for BSD-compatible nm
configure:3468: result: /usr/bin/nm -B
configure:3472: checking whether ln -s works
configure:3476: result: yes
configure:3483: checking how to recognise dependent libraries
configure:3655: result: pass_all
configure:3740: gcc -c -g -O2  conftest.c >&5
configure:3743: $? = 0
configure:4156: checking how to run the C preprocessor
configure:4196: gcc -E  conftest.c
configure:4202: $? = 0
configure:4233: gcc -E  conftest.c
conftest.c:8:10: fatal error: ac_nonexistent.h: No such file or directory
 #include <ac_nonexistent.h>
          ^~~~~~~~~~~~~~~~~~
compilation terminated.
configure:4239: $? = 1
configure: failed program was:
| /* confdefs.h.  */
| #define PACKAGE_NAME ""
| #define PACKAGE_TARNAME ""
| #define PACKAGE_VERSION ""
| #define PACKAGE_STRING ""
| #define PACKAGE_BUGREPORT ""
| /* end confdefs.h.  */
| #include <ac_nonexistent.h>
configure:4272: result: gcc -E
configure:4301: gcc -E  conftest.c
configure:4307: $? = 0
configure:4338: gcc -E  conftest.c
conftest.c:8:10: fatal error: ac_nonexistent.h: No such file or directory
 #include <ac_nonexistent.h>
          ^~~~~~~~~~~~~~~~~~
compilation terminated.
configure:4344: $? = 1
configure: failed program was:
| /* confdefs.h.  */
| #define PACKAGE_NAME ""
| #define PACKAGE_TARNAME ""
| #define PACKAGE_VERSION ""
| #define PACKAGE_STRING ""
| #define PACKAGE_BUGREPORT ""
| /* end confdefs.h.  */
| #include <ac_nonexistent.h>
configure:4382: checking for ANSI C header files
configure:4412: gcc -c -g -O2  conftest.c >&5
configure:4418: $? = 0
configure:4517: gcc -o conftest -g -O2   conftest.c  >&5
configure:4520: $? = 0
configure:4526: ./conftest
configure:4529: $? = 0
configure:4546: result: yes
configure:4570: checking for sys/types.h
configure:4591: gcc -c -g -O2  conftest.c >&5
configure:4597: $? = 0
configure:4613: result: yes
configure:4570: checking for sys/stat.h
configure:4591: gcc -c -g -O2  conftest.c >&5
configure:4597: $? = 0
configure:4613: result: yes
configure:4570: checking for stdlib.h
configure:4591: gcc -c -g -O2  conftest.c >&5
configure:4597: $? = 0
configure:4613: result: yes
configure:4570: checking for string.h
configure:4591: gcc -c -g -O2  conftest.c >&5
configure:4597: $? = 0
configure:4613: result: yes
configure:4570: checking for memory.h
configure:4591: gcc -c -g -O2  conftest.c >&5
configure:4597: $? = 0
configure:4613: result: yes
configure:4570: checking for strings.h
configure:4591: gcc -c -g -O2  conftest.c >&5
configure:4597: $? = 0
configure:4613: result: yes
configure:4570: checking for inttypes.h
configure:4591: gcc -c -g -O2  conftest.c >&5
configure:4597: $? = 0
configure:4613: result: yes
configure:4570: checking for stdint.h
configure:4591: gcc -c -g -O2  conftest.c >&5
configure:4597: $? = 0
configure:4613: result: yes
configure:4570: checking for unistd.h
configure:4591: gcc -c -g -O2  conftest.c >&5
configure:4597: $? = 0
configure:4613: result: yes
configure:4640: checking dlfcn.h usability
configure:4657: gcc -c -g -O2  conftest.c >&5
configure:4663: $? = 0
configure:4677: result: yes
configure:4681: checking dlfcn.h presence
configure:4696: gcc -E  conftest.c
configure:4702: $? = 0
configure:4716: result: yes
configure:4744: checking for dlfcn.h
configure:4752: result: yes
configure:4823: checking for g++
configure:4839: found /usr/bin/g++
configure:4850: result: g++
configure:4881: checking for C++ compiler version
configure:4888: g++ --version >&5
g++ (Ubuntu 7.4.0-1ubuntu1~18.04.1) 7.4.0
Copyright (C) 2017 Free Software Foundation, Inc.
This is free software; see the source for copying conditions.  There is NO
warranty; not even for MERCHANTABILITY or FITNESS FOR A PARTICULAR PURPOSE.

configure:4891: $? = 0
configure:4898: g++ -v >&5
Using built-in specs.
COLLECT_GCC=g++
COLLECT_LTO_WRAPPER=/usr/lib/gcc/x86_64-linux-gnu/7/lto-wrapper
OFFLOAD_TARGET_NAMES=nvptx-none
OFFLOAD_TARGET_DEFAULT=1
Target: x86_64-linux-gnu
Configured with: ../src/configure -v --with-pkgversion='Ubuntu 7.4.0-1ubuntu1~18.04.1' --with-bugurl=file:///usr/share/doc/gcc-7/README.Bugs --enable-languages=c,ada,c++,go,brig,d,fortran,objc,obj-c++ --prefix=/usr --with-gcc-major-version-only --program-suffix=-7 --program-prefix=x86_64-linux-gnu- --enable-shared --enable-linker-build-id --libexecdir=/usr/lib --without-included-gettext --enable-threads=posix --libdir=/usr/lib --enable-nls --with-sysroot=/ --enable-clocale=gnu --enable-libstdcxx-debug --enable-libstdcxx-time=yes --with-default-libstdcxx-abi=new --enable-gnu-unique-object --disable-vtable-verify --enable-libmpx --enable-plugin --enable-default-pie --with-system-zlib --with-target-system-zlib --enable-objc-gc=auto --enable-multiarch --disable-werror --with-arch-32=i686 --with-abi=m64 --with-multilib-list=m32,m64,mx32 --enable-multilib --with-tune=generic --enable-offload-targets=nvptx-none --without-cuda-driver --enable-checking=release --build=x86_64-linux-gnu --host=x86_64-linux-gnu --target=x86_64-linux-gnu
Thread model: posix
gcc version 7.4.0 (Ubuntu 7.4.0-1ubuntu1~18.04.1) 
configure:4901: $? = 0
configure:4908: g++ -V >&5
g++: error: unrecognized command line option '-V'
g++: fatal error: no input files
compilation terminated.
configure:4911: $? = 1
configure:4914: checking whether we are using the GNU C++ compiler
configure:4943: g++ -c   conftest.cpp >&5
configure:4949: $? = 0
configure:4966: result: yes
configure:4971: checking whether g++ accepts -g
configure:5001: g++ -c -g  conftest.cpp >&5
configure:5007: $? = 0
configure:5106: result: yes
configure:5139: checking how to run the C++ preprocessor
configure:5175: g++ -E  conftest.cpp
configure:5181: $? = 0
configure:5212: g++ -E  conftest.cpp
conftest.cpp:19:10: fatal error: ac_nonexistent.h: No such file or directory
 #include <ac_nonexistent.h>
          ^~~~~~~~~~~~~~~~~~
compilation terminated.
configure:5218: $? = 1
configure: failed program was:
| /* confdefs.h.  */
| #define PACKAGE_NAME ""
| #define PACKAGE_TARNAME ""
| #define PACKAGE_VERSION ""
| #define PACKAGE_STRING ""
| #define PACKAGE_BUGREPORT ""
| #define STDC_HEADERS 1
| #define HAVE_SYS_TYPES_H 1
| #define HAVE_SYS_STAT_H 1
| #define HAVE_STDLIB_H 1
| #define HAVE_STRING_H 1
| #define HAVE_MEMORY_H 1
| #define HAVE_STRINGS_H 1
| #define HAVE_INTTYPES_H 1
| #define HAVE_STDINT_H 1
| #define HAVE_UNISTD_H 1
| #define HAVE_DLFCN_H 1
| /* end confdefs.h.  */
| #include <ac_nonexistent.h>
configure:5251: result: g++ -E
configure:5280: g++ -E  conftest.cpp
configure:5286: $? = 0
configure:5317: g++ -E  conftest.cpp
conftest.cpp:19:10: fatal error: ac_nonexistent.h: No such file or directory
 #include <ac_nonexistent.h>
          ^~~~~~~~~~~~~~~~~~
compilation terminated.
configure:5323: $? = 1
configure: failed program was:
| /* confdefs.h.  */
| #define PACKAGE_NAME ""
| #define PACKAGE_TARNAME ""
| #define PACKAGE_VERSION ""
| #define PACKAGE_STRING ""
| #define PACKAGE_BUGREPORT ""
| #define STDC_HEADERS 1
| #define HAVE_SYS_TYPES_H 1
| #define HAVE_SYS_STAT_H 1
| #define HAVE_STDLIB_H 1
| #define HAVE_STRING_H 1
| #define HAVE_MEMORY_H 1
| #define HAVE_STRINGS_H 1
| #define HAVE_INTTYPES_H 1
| #define HAVE_STDINT_H 1
| #define HAVE_UNISTD_H 1
| #define HAVE_DLFCN_H 1
| /* end confdefs.h.  */
| #include <ac_nonexistent.h>
configure:5416: checking for g77
configure:5446: result: no
configure:5416: checking for xlf
configure:5446: result: no
configure:5416: checking for f77
configure:5446: result: no
configure:5416: checking for frt
configure:5446: result: no
configure:5416: checking for pgf77
configure:5446: result: no
configure:5416: checking for cf77
configure:5446: result: no
configure:5416: checking for fort77
configure:5446: result: no
configure:5416: checking for fl32
configure:5446: result: no
configure:5416: checking for af77
configure:5446: result: no
configure:5416: checking for xlf90
configure:5446: result: no
configure:5416: checking for f90
configure:5446: result: no
configure:5416: checking for pgf90
configure:5446: result: no
configure:5416: checking for pghpf
configure:5446: result: no
configure:5416: checking for epcf90
configure:5446: result: no
configure:5416: checking for gfortran
configure:5446: result: no
configure:5416: checking for g95
configure:5446: result: no
configure:5416: checking for xlf95
configure:5446: result: no
configure:5416: checking for f95
configure:5446: result: no
configure:5416: checking for fort
configure:5446: result: no
configure:5416: checking for ifort
configure:5446: result: no
configure:5416: checking for ifc
configure:5446: result: no
configure:5416: checking for efc
configure:5446: result: no
configure:5416: checking for pgf95
configure:5446: result: no
configure:5416: checking for lf95
configure:5446: result: no
configure:5416: checking for ftn
configure:5446: result: no
configure:5473: checking for Fortran 77 compiler version
configure:5480:  --version >&5
/home/iryna/Documents/WS19_20/ImplimentierungDatenBanken/HubDB_v1/HubDB_v1/tools/apr-util-1.2.12/xml/expat/configure: line 5481: --version: command not found
configure:5483: $? = 127
configure:5490:  -v >&5
/home/iryna/Documents/WS19_20/ImplimentierungDatenBanken/HubDB_v1/HubDB_v1/tools/apr-util-1.2.12/xml/expat/configure: line 5491: -v: command not found
configure:5493: $? = 127
configure:5500:  -V >&5
/home/iryna/Documents/WS19_20/ImplimentierungDatenBanken/HubDB_v1/HubDB_v1/tools/apr-util-1.2.12/xml/expat/configure: line 5501: -V: command not found
configure:5503: $? = 127
configure:5511: checking whether we are using the GNU Fortran 77 compiler
configure:5530:  -c  conftest.F >&5
/home/iryna/Documents/WS19_20/ImplimentierungDatenBanken/HubDB_v1/HubDB_v1/tools/apr-util-1.2.12/xml/expat/configure: line 5531: -c: command not found
configure:5536: $? = 127
configure: failed program was:
|       program main
| #ifndef __GNUC__
|        choke me
| #endif
| 
|       end
configure:5553: result: no
configure:5559: checking whether  accepts -g
configure:5576:  -c -g conftest.f >&5
/home/iryna/Documents/WS19_20/ImplimentierungDatenBanken/HubDB_v1/HubDB_v1/tools/apr-util-1.2.12/xml/expat/configure: line 5577: -c: command not found
configure:5582: $? = 127
configure: failed program was:
|       program main
| 
|       end
configure:5598: result: no
configure:5628: checking the maximum length of command line arguments
configure:5720: result: 32768
configure:5731: checking command to parse /usr/bin/nm -B output from gcc object
configure:5827: gcc -c -g -O2  conftest.c >&5
configure:5830: $? = 0
configure:5834: /usr/bin/nm -B conftest.o \| sed -n -e 's/^.*[ 	]\([ABCDGIRSTW][ABCDGIRSTW]*\)[ 	][ 	]*\([_A-Za-z][_A-Za-z0-9]*\)$/\1 \2 \2/p' \> conftest.nm
configure:5837: $? = 0
configure:5889: gcc -o conftest -g -O2   conftest.c conftstm.o >&5
configure:5892: $? = 0
configure:5930: result: ok
configure:5934: checking for objdir
configure:5949: result: .libs
configure:6041: checking for ar
configure:6057: found /usr/bin/ar
configure:6068: result: ar
configure:6137: checking for ranlib
configure:6153: found /usr/bin/ranlib
configure:6164: result: ranlib
configure:6233: checking for strip
configure:6249: found /usr/bin/strip
configure:6260: result: strip
configure:6561: checking if gcc static flag  works
configure:6589: result: yes
configure:6611: checking if gcc supports -fno-rtti -fno-exceptions
configure:6629: gcc -c -g -O2  -fno-rtti -fno-exceptions conftest.c >&5
cc1: warning: command line option '-fno-rtti' is valid for C++/ObjC++ but not for C
configure:6633: $? = 0
configure:6646: result: no
configure:6661: checking for gcc option to produce PIC
configure:6865: result: -fPIC
configure:6873: checking if gcc PIC flag -fPIC works
configure:6891: gcc -c -g -O2  -fPIC -DPIC conftest.c >&5
configure:6895: $? = 0
configure:6908: result: yes
configure:6932: checking if gcc supports -c -o file.o
configure:6953: gcc -c -g -O2  -o out/conftest2.o conftest.c >&5
configure:6957: $? = 0
configure:6979: result: yes
configure:7005: checking whether the gcc linker (/usr/bin/ld -m elf_x86_64) supports shared libraries
configure:7897: result: yes
configure:7923: checking whether -lc should be explicitly linked in
configure:7928: gcc -c -g -O2  conftest.c >&5
configure:7931: $? = 0
configure:7945: gcc -shared conftest.o  -v -Wl,-soname -Wl,conftest -o conftest 2\>\&1 \| grep  -lc  \>/dev/null 2\>\&1
configure:7948: $? = 0
configure:7960: result: no
configure:7968: checking dynamic linker characteristics
configure:8522: result: GNU/Linux ld.so
configure:8526: checking how to hardcode library paths into programs
configure:8551: result: immediate
configure:8565: checking whether stripping libraries is possible
configure:8570: result: yes
configure:9367: checking if libtool supports shared libraries
configure:9369: result: yes
configure:9372: checking whether to build shared libraries
configure:9393: result: yes
configure:9396: checking whether to build static libraries
configure:9400: result: yes
configure:9492: creating libtool
configure:10070: checking for ld used by g++
configure:10137: result: /usr/bin/ld -m elf_x86_64
configure:10146: checking if the linker (/usr/bin/ld -m elf_x86_64) is GNU ld
configure:10161: result: yes
configure:10212: checking whether the g++ linker (/usr/bin/ld -m elf_x86_64) supports shared libraries
configure:11088: result: yes
configure:11110: g++ -c -g -O2  conftest.cpp >&5
configure:11113: $? = 0
configure:11223: checking for g++ option to produce PIC
configure:11491: result: -fPIC
configure:11499: checking if g++ PIC flag -fPIC works
configure:11517: g++ -c -g -O2  -fPIC -DPIC conftest.cpp >&5
configure:11521: $? = 0
configure:11534: result: yes
configure:11558: checking if g++ supports -c -o file.o
configure:11579: g++ -c -g -O2  -o out/conftest2.o conftest.cpp >&5
configure:11583: $? = 0
configure:11605: result: yes
configure:11631: checking whether the g++ linker (/usr/bin/ld -m elf_x86_64) supports shared libraries
configure:11656: result: yes
configure:11727: checking dynamic linker characteristics
configure:12281: result: GNU/Linux ld.so
configure:12285: checking how to hardcode library paths into programs
configure:12310: result: immediate
configure:12324: checking whether stripping libraries is possible
configure:12329: result: yes
configure:19843: checking for gcc
configure:19870: result: gcc
configure:20108: checking for C compiler version
configure:20115: gcc --version >&5
gcc (Ubuntu 7.4.0-1ubuntu1~18.04.1) 7.4.0
Copyright (C) 2017 Free Software Foundation, Inc.
This is free software; see the source for copying conditions.  There is NO
warranty; not even for MERCHANTABILITY or FITNESS FOR A PARTICULAR PURPOSE.

configure:20118: $? = 0
configure:20125: gcc -v >&5
Using built-in specs.
COLLECT_GCC=gcc
COLLECT_LTO_WRAPPER=/usr/lib/gcc/x86_64-linux-gnu/7/lto-wrapper
OFFLOAD_TARGET_NAMES=nvptx-none
OFFLOAD_TARGET_DEFAULT=1
Target: x86_64-linux-gnu
Configured with: ../src/configure -v --with-pkgversion='Ubuntu 7.4.0-1ubuntu1~18.04.1' --with-bugurl=file:///usr/share/doc/gcc-7/README.Bugs --enable-languages=c,ada,c++,go,brig,d,fortran,objc,obj-c++ --prefix=/usr --with-gcc-major-version-only --program-suffix=-7 --program-prefix=x86_64-linux-gnu- --enable-shared --enable-linker-build-id --libexecdir=/usr/lib --without-included-gettext --enable-threads=posix --libdir=/usr/lib --enable-nls --with-sysroot=/ --enable-clocale=gnu --enable-libstdcxx-debug --enable-libstdcxx-time=yes --with-default-libstdcxx-abi=new --enable-gnu-unique-object --disable-vtable-verify --enable-libmpx --enable-plugin --enable-default-pie --with-system-zlib --with-target-system-zlib --enable-objc-gc=auto --enable-multiarch --disable-werror --with-arch-32=i686 --with-abi=m64 --with-multilib-list=m32,m64,mx32 --enable-multilib --with-tune=generic --enable-offload-targets=nvptx-none --without-cuda-driver --enable-checking=release --build=x86_64-linux-gnu --host=x86_64-linux-gnu --target=x86_64-linux-gnu
Thread model: posix
gcc version 7.4.0 (Ubuntu 7.4.0-1ubuntu1~18.04.1) 
configure:20128: $? = 0
configure:20135: gcc -V >&5
gcc: error: unrecognized command line option '-V'
gcc: fatal error: no input files
compilation terminated.
configure:20138: $? = 1
configure:20141: checking whether we are using the GNU C compiler
configure:20193: result: yes
configure:20198: checking whether gcc accepts -g
configure:20333: result: yes
configure:20350: checking for gcc option to accept ISO C89
configure:20453: result: none needed
configure:20484: checking for a BSD-compatible install
configure:20540: result: /usr/bin/install -c
configure:20553: checking for ANSI C header files
configure:20717: result: yes
configure:20744: checking fcntl.h usability
configure:20761: gcc -c -g -O2  conftest.c >&5
configure:20767: $? = 0
configure:20781: result: yes
configure:20785: checking fcntl.h presence
configure:20800: gcc -E  conftest.c
configure:20806: $? = 0
configure:20820: result: yes
configure:20848: checking for fcntl.h
configure:20856: result: yes
configure:20734: checking for unistd.h
configure:20740: result: yes
configure:20734: checking for string.h
configure:20740: result: yes
configure:20871: checking whether byte ordering is bigendian
configure:20904: gcc -c -g -O2  conftest.c >&5
configure:20910: $? = 0
configure:20942: gcc -c -g -O2  conftest.c >&5
conftest.c: In function 'main':
conftest.c:30:2: error: unknown type name 'not'; did you mean 'ino_t'?
  not big endian
  ^~~
  ino_t
conftest.c:30:10: error: expected '=', ',', ';', 'asm' or '__attribute__' before 'endian'
  not big endian
          ^~~~~~
configure:20948: $? = 1
configure: failed program was:
| /* confdefs.h.  */
| #define PACKAGE_NAME ""
| #define PACKAGE_TARNAME ""
| #define PACKAGE_VERSION ""
| #define PACKAGE_STRING ""
| #define PACKAGE_BUGREPORT ""
| #define STDC_HEADERS 1
| #define HAVE_SYS_TYPES_H 1
| #define HAVE_SYS_STAT_H 1
| #define HAVE_STDLIB_H 1
| #define HAVE_STRING_H 1
| #define HAVE_MEMORY_H 1
| #define HAVE_STRINGS_H 1
| #define HAVE_INTTYPES_H 1
| #define HAVE_STDINT_H 1
| #define HAVE_UNISTD_H 1
| #define HAVE_DLFCN_H 1
| #define STDC_HEADERS 1
| #define HAVE_FCNTL_H 1
| #define HAVE_UNISTD_H 1
| #define HAVE_STRING_H 1
| /* end confdefs.h.  */
| #include <sys/types.h>
| #include <sys/param.h>
| 
| int
| main ()
| {
| #if BYTE_ORDER != BIG_ENDIAN
|  not big endian
| #endif
| 
|   ;
|   return 0;
| }
configure:21088: result: no
configure:21114: checking for an ANSI C-conforming const
configure:21189: gcc -c -g -O2  conftest.c >&5
configure:21195: $? = 0
configure:21210: result: yes
configure:21220: checking for off_t
configure:21250: gcc -c -g -O2  conftest.c >&5
configure:21256: $? = 0
configure:21271: result: yes
configure:21283: checking for size_t
configure:21313: gcc -c -g -O2  conftest.c >&5
configure:21319: $? = 0
configure:21334: result: yes
configure:21348: checking for working memcmp
configure:21401: gcc -o conftest -g -O2   conftest.c  >&5
configure:21404: $? = 0
configure:21410: ./conftest
configure:21413: $? = 0
configure:21429: result: yes
configure:21444: checking for stdlib.h
configure:21450: result: yes
configure:21444: checking for unistd.h
configure:21450: result: yes
configure:21583: checking for getpagesize
configure:21639: gcc -o conftest -g -O2   conftest.c  >&5
configure:21645: $? = 0
configure:21663: result: yes
configure:21673: checking for working mmap
configure:21820: gcc -o conftest -g -O2   conftest.c  >&5
configure:21823: $? = 0
configure:21829: ./conftest
configure:21832: $? = 0
configure:21848: result: yes
configure:21871: checking for memmove
configure:21927: gcc -o conftest -g -O2   conftest.c  >&5
conftest.c:50:6: warning: conflicting types for built-in function 'memmove' [-Wbuiltin-declaration-mismatch]
 char memmove ();
      ^~~~~~~
configure:21933: $? = 0
configure:21951: result: yes
configure:21871: checking for bcopy
configure:21927: gcc -o conftest -g -O2   conftest.c  >&5
conftest.c:51:6: warning: conflicting types for built-in function 'bcopy' [-Wbuiltin-declaration-mismatch]
 char bcopy ();
      ^~~~~
configure:21933: $? = 0
configure:21951: result: yes
configure:22064: creating ./config.status

## ---------------------- ##
## Running config.status. ##
## ---------------------- ##

This file was extended by config.status, which was
generated by GNU Autoconf 2.61.  Invocation command line was

  CONFIG_FILES    = 
  CONFIG_HEADERS  = 
  CONFIG_LINKS    = 
  CONFIG_COMMANDS = 
  $ ./config.status 

on My-Notebook

config.status:635: creating Makefile
config.status:770: WARNING:  Makefile.in seems to ignore the --datarootdir setting
config.status:635: creating lib/Makefile
config.status:770: WARNING:  lib/Makefile.in seems to ignore the --datarootdir setting
config.status:635: creating lib/expat.h
config.status:635: creating config.h

## ---------------- ##
## Cache variables. ##
## ---------------- ##

ac_cv_build=x86_64-unknown-linux-gnu
ac_cv_c_bigendian=no
ac_cv_c_compiler_gnu=yes
ac_cv_c_const=yes
ac_cv_cxx_compiler_gnu=yes
ac_cv_env_CCC_set=
ac_cv_env_CCC_value=
ac_cv_env_CC_set=
ac_cv_env_CC_value=
ac_cv_env_CFLAGS_set=
ac_cv_env_CFLAGS_value=
ac_cv_env_CPPFLAGS_set=
ac_cv_env_CPPFLAGS_value=
ac_cv_env_CPP_set=
ac_cv_env_CPP_value=
ac_cv_env_CXXCPP_set=
ac_cv_env_CXXCPP_value=
ac_cv_env_CXXFLAGS_set=
ac_cv_env_CXXFLAGS_value=
ac_cv_env_CXX_set=
ac_cv_env_CXX_value=
ac_cv_env_F77_set=
ac_cv_env_F77_value=
ac_cv_env_FFLAGS_set=
ac_cv_env_FFLAGS_value=
ac_cv_env_LDFLAGS_set=
ac_cv_env_LDFLAGS_value=
ac_cv_env_LIBS_set=
ac_cv_env_LIBS_value=
ac_cv_env_build_alias_set=
ac_cv_env_build_alias_value=
ac_cv_env_host_alias_set=
ac_cv_env_host_alias_value=
ac_cv_env_target_alias_set=
ac_cv_env_target_alias_value=
ac_cv_f77_compiler_gnu=no
ac_cv_func_bcopy=yes
ac_cv_func_getpagesize=yes
ac_cv_func_memcmp_working=yes
ac_cv_func_memmove=yes
ac_cv_func_mmap_fixed_mapped=yes
ac_cv_header_dlfcn_h=yes
ac_cv_header_fcntl_h=yes
ac_cv_header_inttypes_h=yes
ac_cv_header_memory_h=yes
ac_cv_header_stdc=yes
ac_cv_header_stdint_h=yes
ac_cv_header_stdlib_h=yes
ac_cv_header_string_h=yes
ac_cv_header_strings_h=yes
ac_cv_header_sys_stat_h=yes
ac_cv_header_sys_types_h=yes
ac_cv_header_unistd_h=yes
ac_cv_host=x86_64-unknown-linux-gnu
ac_cv_objext=o
ac_cv_path_EGREP='/bin/grep -E'
ac_cv_path_GREP=/bin/grep
ac_cv_path_install='/usr/bin/install -c'
ac_cv_prog_CPP='gcc -E'
ac_cv_prog_CXXCPP='g++ -E'
ac_cv_prog_ac_ct_AR=ar
ac_cv_prog_ac_ct_CC=gcc
ac_cv_prog_ac_ct_CXX=g++
ac_cv_prog_ac_ct_RANLIB=ranlib
ac_cv_prog_ac_ct_STRIP=strip
ac_cv_prog_cc_c89=
ac_cv_prog_cc_g=yes
ac_cv_prog_cxx_g=yes
ac_cv_prog_f77_g=no
ac_cv_target=x86_64-unknown-linux-gnu
ac_cv_type_off_t=yes
ac_cv_type_size_t=yes
lt_cv_deplibs_check_method=pass_all
lt_cv_file_magic_cmd='$MAGIC_CMD'
lt_cv_file_magic_test_file=
lt_cv_ld_reload_flag=-r
lt_cv_objdir=.libs
lt_cv_path_LD=/usr/bin/ld
lt_cv_path_LDCXX='/usr/bin/ld -m elf_x86_64'
lt_cv_path_NM='/usr/bin/nm -B'
lt_cv_path_SED=/bin/sed
lt_cv_prog_compiler_c_o=yes
lt_cv_prog_compiler_c_o_CXX=yes
lt_cv_prog_compiler_rtti_exceptions=no
lt_cv_prog_gnu_ld=yes
lt_cv_prog_gnu_ldcxx=yes
lt_cv_sys_global_symbol_pipe='sed -n -e '\''s/^.*[ 	]\([ABCDGIRSTW][ABCDGIRSTW]*\)[ 	][ 	]*\([_A-Za-z][_A-Za-z0-9]*\)$/\1 \2 \2/p'\'''
lt_cv_sys_global_symbol_to_c_name_address='sed -n -e '\''s/^: \([^ ]*\) $/  {\"\1\", (lt_ptr) 0},/p'\'' -e '\''s/^[BCDEGRST] \([^ ]*\) \([^ ]*\)$/  {"\2", (lt_ptr) \&\2},/p'\'''
lt_cv_sys_global_symbol_to_cdecl='sed -n -e '\''s/^. .* \(.*\)$/extern int \1;/p'\'''
lt_cv_sys_max_cmd_len=32768
lt_lt_cv_prog_compiler_c_o='"yes"'
lt_lt_cv_prog_compiler_c_o_CXX='"yes"'
lt_lt_cv_sys_global_symbol_pipe='"sed -n -e '\''s/^.*[ 	]\\([ABCDGIRSTW][ABCDGIRSTW]*\\)[ 	][ 	]*\\([_A-Za-z][_A-Za-z0-9]*\\)\$/\\1 \\2 \\2/p'\''"'
lt_lt_cv_sys_global_symbol_to_c_name_address='"sed -n -e '\''s/^: \\([^ ]*\\) \$/  {\\\"\\1\\\", (lt_ptr) 0},/p'\'' -e '\''s/^[BCDEGRST] \\([^ ]*\\) \\([^ ]*\\)\$/  {\"\\2\", (lt_ptr) \\&\\2},/p'\''"'
lt_lt_cv_sys_global_symbol_to_cdecl='"sed -n -e '\''s/^. .* \\(.*\\)\$/extern int \\1;/p'\''"'

## ----------------- ##
## Output variables. ##
## ----------------- ##

AR='ar'
AS='as'
CC='gcc'
CFLAGS='-g -O2'
CPP='gcc -E'
CPPFLAGS=''
CXX='g++'
CXXCPP='g++ -E'
CXXFLAGS='-g -O2'
DEFS='-DHAVE_CONFIG_H'
DLLTOOL='dlltool'
ECHO='echo'
ECHO_C=''
ECHO_N='-n'
ECHO_T=''
EGREP='/bin/grep -E'
EXEEXT=''
EXPAT_EDIT='2'
EXPAT_MAJOR_VERSION='1'
EXPAT_MINOR_VERSION='95'
F77=''
FFLAGS=''
FILEMAP_OBJ='unixfilemap.o'
GREP='/bin/grep'
INSTALL_DATA='${INSTALL} -m 644'
INSTALL_PROGRAM='${INSTALL}'
INSTALL_SCRIPT='${INSTALL}'
LDFLAGS=''
LIBAGE='1'
LIBCURRENT='1'
LIBOBJS=''
LIBREVISION='0'
LIBS=''
LIBTOOL='$(SHELL) $(top_builddir)/libtool'
LN_S='ln -s'
LTLIBOBJS=''
OBJDUMP='objdump'
OBJEXT='o'
PACKAGE='expat'
PACKAGE_BUGREPORT=''
PACKAGE_NAME=''
PACKAGE_STRING=''
PACKAGE_TARNAME=''
PACKAGE_VERSION=''
PATH_SEPARATOR=':'
RANLIB='ranlib'
SHELL='/bin/bash'
STRIP='strip'
VERSION='1.95.2'
ac_ct_CC='gcc'
ac_ct_CXX='g++'
ac_ct_F77=''
bindir='${prefix}/bin'
blddir='/home/iryna/Documents/WS19_20/ImplimentierungDatenBanken/HubDB_v1/HubDB_v1/tools/apr-util-1.2.12/xml/expat'
build='x86_64-unknown-linux-gnu'
build_alias=''
build_cpu='x86_64'
build_os='linux-gnu'
build_vendor='unknown'
datadir='${datarootdir}'
datarootdir='${prefix}/share'
docdir='${datarootdir}/doc/${PACKAGE}'
dvidir='${docdir}'
exec_prefix='/usr/local/apr'
host='x86_64-unknown-linux-gnu'
host_alias=''
host_cpu='x86_64'
host_os='linux-gnu'
host_vendor='unknown'
htmldir='${docdir}'
includedir='/usr/local/apr/include/apr-1'
infodir='${datarootdir}/info'
libdir='${prefix}/lib'
libexecdir='${exec_prefix}/libexec'
localedir='${datarootdir}/locale'
localstatedir='${prefix}/var'
mandir='${datarootdir}/man'
oldincludedir='/usr/include'
pdfdir='${docdir}'
prefix='/usr/local/apr'
program_transform_name='s,x,x,'
psdir='${docdir}'
sbindir='${exec_prefix}/sbin'
sharedstatedir='${prefix}/com'
sysconfdir='${prefix}/etc'
target='x86_64-unknown-linux-gnu'
target_alias=''
target_cpu='x86_64'
target_os='linux-gnu'
target_vendor='unknown'

## ----------- ##
## confdefs.h. ##
## ----------- ##

#define PACKAGE_NAME ""
#define PACKAGE_TARNAME ""
#define PACKAGE_VERSION ""
#define PACKAGE_STRING ""
#define PACKAGE_BUGREPORT ""
#define STDC_HEADERS 1
#define HAVE_SYS_TYPES_H 1
#define HAVE_SYS_STAT_H 1
#define HAVE_STDLIB_H 1
#define HAVE_STRING_H 1
#define HAVE_MEMORY_H 1
#define HAVE_STRINGS_H 1
#define HAVE_INTTYPES_H 1
#define HAVE_STDINT_H 1
#define HAVE_UNISTD_H 1
#define HAVE_DLFCN_H 1
#define STDC_HEADERS 1
#define HAVE_FCNTL_H 1
#define HAVE_UNISTD_H 1
#define HAVE_STRING_H 1
#define HAVE_STDLIB_H 1
#define HAVE_UNISTD_H 1
#define HAVE_GETPAGESIZE 1
#define HAVE_MMAP 1
#define HAVE_MEMMOVE 1
#define HAVE_BCOPY 1

configure: exit 0
